[debug] [2024-08-13T18:55:41.442Z] ----------------------------------------------------------------------
[debug] [2024-08-13T18:55:41.446Z] Command:       C:\Program Files\nodejs\node.exe C:\Users\yrahe\AppData\Roaming\npm\node_modules\firebase-tools\lib\bin\firebase.js deploy
[debug] [2024-08-13T18:55:41.447Z] CLI Version:   13.6.0
[debug] [2024-08-13T18:55:41.448Z] Platform:      win32
[debug] [2024-08-13T18:55:41.448Z] Node Version:  v20.10.0
[debug] [2024-08-13T18:55:41.448Z] Time:          Tue Aug 13 2024 19:55:41 GMT+0100 (West Africa Standard Time)
[debug] [2024-08-13T18:55:41.448Z] ----------------------------------------------------------------------
[debug] 
[debug] [2024-08-13T18:55:43.194Z] >>> [apiv2][query] GET https://firebase-public.firebaseio.com/cli.json [none]
[debug] [2024-08-13T18:55:43.592Z] > command requires scopes: ["email","openid","https://www.googleapis.com/auth/cloudplatformprojects.readonly","https://www.googleapis.com/auth/firebase","https://www.googleapis.com/auth/cloud-platform"]
[debug] [2024-08-13T18:55:43.593Z] > authorizing via signed-in user (ekpenduchimezie1@gmail.com)
[debug] [2024-08-13T18:55:43.593Z] [iam] checking project chimezie-portfolio for permissions ["firebase.projects.get","firebasehosting.sites.update"]
[debug] [2024-08-13T18:55:43.596Z] > refreshing access token with scopes: []
[debug] [2024-08-13T18:55:43.599Z] >>> [apiv2][query] POST https://www.googleapis.com/oauth2/v3/token [none]
[debug] [2024-08-13T18:55:43.599Z] >>> [apiv2][body] POST https://www.googleapis.com/oauth2/v3/token [omitted]
[debug] [2024-08-13T18:55:54.729Z] *** [apiv2] error from fetch(https://www.googleapis.com/oauth2/v3/token, {"headers":{},"method":"POST","body":{"_overheadLength":545,"_valueLength":212,"_valuesToMeasure":[],"writable":false,"readable":true,"dataSize":0,"maxDataSize":2097152,"pauseStreams":true,"_released":true,"_streams":[],"_currentStream":null,"_insideLoop":false,"_pendingNext":false,"_boundary":"--------------------------522992857416491697438568","_events":{},"_eventsCount":1}}): FetchError: request to https://www.googleapis.com/oauth2/v3/token failed, reason: getaddrinfo ENOTFOUND www.googleapis.com
[debug] [2024-08-13T18:55:54.730Z] [iam] error while checking permissions, command may fail: FirebaseError: Authentication Error: Your credentials are no longer valid. Please run firebase login --reauth

For CI servers and headless environments, generate a new token with firebase login:ci
[debug] [2024-08-13T18:55:54.732Z] > refreshing access token with scopes: []
[debug] [2024-08-13T18:55:54.733Z] >>> [apiv2][query] POST https://www.googleapis.com/oauth2/v3/token [none]
[debug] [2024-08-13T18:55:54.733Z] >>> [apiv2][body] POST https://www.googleapis.com/oauth2/v3/token [omitted]
[debug] [2024-08-13T18:56:05.862Z] *** [apiv2] error from fetch(https://www.googleapis.com/oauth2/v3/token, {"headers":{},"method":"POST","body":{"_overheadLength":545,"_valueLength":212,"_valuesToMeasure":[],"writable":false,"readable":true,"dataSize":0,"maxDataSize":2097152,"pauseStreams":true,"_released":true,"_streams":[],"_currentStream":null,"_insideLoop":false,"_pendingNext":false,"_boundary":"--------------------------964818191391926895624288","_events":{},"_eventsCount":1}}): FetchError: request to https://www.googleapis.com/oauth2/v3/token failed, reason: getaddrinfo ENOTFOUND www.googleapis.com
[debug] [2024-08-13T18:56:05.864Z] Authentication Error: Your credentials are no longer valid. Please run firebase login --reauth

For CI servers and headless environments, generate a new token with firebase login:ci
[error] 
[error] Error: Assertion failed: resolving hosting target of a site with no site name or target name. This should have caused an error earlier
